\BOOKMARK [1][-]{section.1}{Introduction}{}% 1
\BOOKMARK [2][-]{subsection.1.1}{Box Office Prediction}{section.1}% 2
\BOOKMARK [2][-]{subsection.1.2}{Box Office with Deep Neural Network}{section.1}% 3
\BOOKMARK [2][-]{subsection.1.3}{Problem Statement}{section.1}% 4
\BOOKMARK [1][-]{section.2}{Dataset}{}% 5
\BOOKMARK [2][-]{subsection.2.1}{Exploratory Data Analysis}{section.2}% 6
\BOOKMARK [3][-]{subsubsection.2.1.1}{Number of Missing Values}{subsection.2.1}% 7
\BOOKMARK [3][-]{subsubsection.2.1.2}{Tag lines}{subsection.2.1}% 8
\BOOKMARK [3][-]{subsubsection.2.1.3}{Production Countries}{subsection.2.1}% 9
\BOOKMARK [3][-]{subsubsection.2.1.4}{Spoken Languages}{subsection.2.1}% 10
\BOOKMARK [3][-]{subsubsection.2.1.5}{Genres}{subsection.2.1}% 11
\BOOKMARK [3][-]{subsubsection.2.1.6}{Revenues}{subsection.2.1}% 12
\BOOKMARK [3][-]{subsubsection.2.1.7}{Budgets}{subsection.2.1}% 13
\BOOKMARK [3][-]{subsubsection.2.1.8}{Popularity}{subsection.2.1}% 14
\BOOKMARK [3][-]{subsubsection.2.1.9}{Budgets Mean by Year}{subsection.2.1}% 15
\BOOKMARK [2][-]{subsection.2.2}{Data Preprocessing and Feature Enginerring}{section.2}% 16
\BOOKMARK [3][-]{subsubsection.2.2.1}{Feature Selection}{subsection.2.2}% 17
\BOOKMARK [3][-]{subsubsection.2.2.2}{Data Cleaning}{subsection.2.2}% 18
\BOOKMARK [3][-]{subsubsection.2.2.3}{Data Encoding}{subsection.2.2}% 19
\BOOKMARK [3][-]{subsubsection.2.2.4}{Feature Transformation}{subsection.2.2}% 20
\BOOKMARK [1][-]{section.3}{Deep Neural Network}{}% 21
\BOOKMARK [2][-]{subsection.3.1}{Architecture}{section.3}% 22
\BOOKMARK [3][-]{subsubsection.3.1.1}{Categorical Encoder}{subsection.3.1}% 23
\BOOKMARK [3][-]{subsubsection.3.1.2}{Numerical Encoder}{subsection.3.1}% 24
\BOOKMARK [3][-]{subsubsection.3.1.3}{Text Encoder}{subsection.3.1}% 25
\BOOKMARK [3][-]{subsubsection.3.1.4}{Image Encoder}{subsection.3.1}% 26
\BOOKMARK [3][-]{subsubsection.3.1.5}{Main Net}{subsection.3.1}% 27
\BOOKMARK [3][-]{subsubsection.3.1.6}{Dense Layer settings}{subsection.3.1}% 28
\BOOKMARK [1][-]{section.4}{Experimental Setting}{}% 29
\BOOKMARK [2][-]{subsection.4.1}{Computational Environment}{section.4}% 30
\BOOKMARK [2][-]{subsection.4.2}{Hyperparameters Tuning}{section.4}% 31
\BOOKMARK [3][-]{subsubsection.4.2.1}{Tuning Environments}{subsection.4.2}% 32
\BOOKMARK [3][-]{subsubsection.4.2.2}{Tuning Results}{subsection.4.2}% 33
\BOOKMARK [2][-]{subsection.4.3}{Final Training Parameters Setting and Environment}{section.4}% 34
\BOOKMARK [1][-]{section.5}{Results and Analysis}{}% 35
\BOOKMARK [2][-]{subsection.5.1}{Performance}{section.5}% 36
\BOOKMARK [2][-]{subsection.5.2}{Learning Curve}{section.5}% 37
\BOOKMARK [2][-]{subsection.5.3}{Comparing the results to others kaggle participants}{section.5}% 38
\BOOKMARK [2][-]{subsection.5.4}{Visualization of some Gradient Histogram }{section.5}% 39
\BOOKMARK [2][-]{subsection.5.5}{Some samples from prediction}{section.5}% 40
\BOOKMARK [2][-]{subsection.5.6}{Problems}{section.5}% 41
\BOOKMARK [2][-]{subsection.5.7}{Future Development}{section.5}% 42
\BOOKMARK [2][-]{subsection.5.8}{Conclusion}{section.5}% 43
